<?xml version="1.0" encoding="utf-8"?><testsuites name="pytest tests"><testsuite name="pytest" errors="0" failures="0" skipped="0" tests="14" time="2.033" timestamp="2026-02-07T02:00:43.029864+00:00" hostname="agent-env-2fbdc8b7-e062-445b-b05e-92b52544150d"><testcase classname="backend.tests.test_referral_system.TestReferralSystem" name="test_01_referrer_has_ref_link" time="0.071" /><testcase classname="backend.tests.test_referral_system.TestReferralSystem" name="test_02_referrer_initial_stats" time="0.034" /><testcase classname="backend.tests.test_referral_system.TestReferralSystem" name="test_03_register_demo_user_with_ref_code" time="0.037" /><testcase classname="backend.tests.test_referral_system.TestReferralSystem" name="test_04_referrer_stats_after_demo_registration" time="0.036" /><testcase classname="backend.tests.test_referral_system.TestReferralSystem" name="test_05_register_telegram_user_with_ref_code" time="0.043" /><testcase classname="backend.tests.test_referral_system.TestReferralSystem" name="test_06_referrer_stats_after_telegram_registration" time="0.038" /><testcase classname="backend.tests.test_referral_system.TestReferralSystem" name="test_07_referral_list_shows_referred_users" time="0.037" /><testcase classname="backend.tests.test_referral_system.TestReferralSystem" name="test_08_mock_payment_triggers_ref_bonus" time="1.366" /><testcase classname="backend.tests.test_referral_system.TestReferralEdgeCases" name="test_invalid_ref_code_ignored" time="0.041" /><testcase classname="backend.tests.test_referral_system.TestReferralEdgeCases" name="test_empty_ref_code_ignored" time="0.037" /><testcase classname="backend.tests.test_referral_system.TestReferralEdgeCases" name="test_no_ref_code_works" time="0.041" /><testcase classname="backend.tests.test_referral_system.TestReferralStats" name="test_ref_stats_requires_auth" time="0.034" /><testcase classname="backend.tests.test_referral_system.TestReferralStats" name="test_ref_list_requires_auth" time="0.050" /><testcase classname="backend.tests.test_referral_system.TestReferralStats" name="test_ref_stats_returns_correct_structure" time="0.087" /></testsuite></testsuites>